[Apr 20 2015 20:00:51.000000 - ERROR] POST /apis/ads/publisher/v201408/LineItemService HTTP/1.1
Host: ads.google.com
Connection: Keep-Alive
User-Agent: PHP-SOAP/5.5.12, gzip
Accept-Encoding: gzip, deflate
Content-Encoding: gzip
Content-Type: text/xml; charset=utf-8
SOAPAction: ""
Content-Length: 433
Authorization: Bearer ya29.WwFhvhvXWM8dzC9Vncm3chA_cMt_LgbmQ4v7MgGeuv3EOSkN_eugbC9nJtRvgo9sZjz2yWl1olYMDg

<?xml version="1.0" encoding="UTF-8"?>
<SOAP-ENV:Envelope xmlns:SOAP-ENV="http://schemas.xmlsoap.org/soap/envelope/" xmlns:ns1="https://www.google.com/apis/ads/publisher/v201408" xmlns:xsi="http://www.w3.org/2001/XMLSchema-instance">
  <SOAP-ENV:Header>
    <ns1:RequestHeader>
      <ns1:networkCode>36053130</ns1:networkCode>
      <ns1:applicationName>Ufree (DfpApi-PHP/5.8.1, Common-PHP/5.8.1, PHP/5.5.12)</ns1:applicationName>
    </ns1:RequestHeader>
  </SOAP-ENV:Header>
  <SOAP-ENV:Body>
    <ns1:getLineItemsByStatement>
      <ns1:filterStatement>
        <ns1:query>WHERE id = :id ORDER BY id ASC LIMIT 1</ns1:query>
        <ns1:values>
          <ns1:key>112467890</ns1:key>
          <ns1:value xsi:type="ns1:TextValue"/>
        </ns1:values>
      </ns1:filterStatement>
    </ns1:getLineItemsByStatement>
  </SOAP-ENV:Body>
</SOAP-ENV:Envelope>

HTTP/1.1 500 Internal Server Error
Content-Type: text/xml; charset=UTF-8
Content-Encoding: gzip
Date: Mon, 20 Apr 2015 18:00:49 GMT
Expires: Mon, 20 Apr 2015 18:00:49 GMT
Cache-Control: private, max-age=0
X-Content-Type-Options: nosniff
X-Frame-Options: SAMEORIGIN
X-XSS-Protection: 1; mode=block
Content-Length: 465
Server: GSE
Alternate-Protocol: 443:quic,p=1

<?xml version="1.0"?>
<soap:Envelope xmlns:soap="http://schemas.xmlsoap.org/soap/envelope/">
  <soap:Header>
    <ResponseHeader xmlns="https://www.google.com/apis/ads/publisher/v201408">
      <requestId>af8994b04bbcee0e669fc8ead1ec6219</requestId>
      <responseTime>993</responseTime>
    </ResponseHeader>
  </soap:Header>
  <soap:Body>
    <soap:Fault>
      <faultcode>soap:Server</faultcode>
      <faultstring>[StatementError.VARIABLE_NOT_BOUND_TO_VALUE @ ; trigger:'id']</faultstring>
      <detail>
        <ApiExceptionFault xmlns="https://www.google.com/apis/ads/publisher/v201408">
          <message>[StatementError.VARIABLE_NOT_BOUND_TO_VALUE @ ; trigger:'id']</message>
          <ApplicationException.Type>ApiException</ApplicationException.Type>
          <errors xmlns:xsi="http://www.w3.org/2001/XMLSchema-instance" xsi:type="StatementError">
            <fieldPath/>
            <trigger>id</trigger>
            <errorString>StatementError.VARIABLE_NOT_BOUND_TO_VALUE</errorString>
            <ApiError.Type>StatementError</ApiError.Type>
            <reason>VARIABLE_NOT_BOUND_TO_VALUE</reason>
          </errors>
        </ApiExceptionFault>
      </detail>
    </soap:Fault>
  </soap:Body>
</soap:Envelope>

