[Mar 31 2015 00:25:27.000000 - INFO] service=CustomTargetingService method=getCustomTargetingKeysByStatement responseTime=556 requestId=2f308c6df5d45c8e58707ca8d52527c2 server=ads.google.com isFault=0 faultMessage=null
[Mar 31 2015 00:25:28.000000 - INFO] service=CustomTargetingService method=getCustomTargetingValuesByStatement responseTime=406 requestId=e624dde1218aa7d45938a534fbd05286 server=ads.google.com isFault=0 faultMessage=null
[Mar 31 2015 00:25:29.000000 - INFO] service=CustomTargetingService method=getCustomTargetingValuesByStatement responseTime=599 requestId=039285deb226792f8f005f7dd78f2af9 server=ads.google.com isFault=0 faultMessage=null
[Mar 31 2015 00:25:30.000000 - INFO] service=CustomTargetingService method=getCustomTargetingValuesByStatement responseTime=710 requestId=5ceb3e6fc23d914756f842c899b8e821 server=ads.google.com isFault=0 faultMessage=null
[Mar 31 2015 00:25:30.000000 - INFO] service=CustomTargetingService method=getCustomTargetingValuesByStatement responseTime=452 requestId=d40a36fba27d1ee48a639716cfcf4aac server=ads.google.com isFault=0 faultMessage=null
[Mar 31 2015 00:25:31.000000 - INFO] service=CustomTargetingService method=getCustomTargetingValuesByStatement responseTime=414 requestId=6cc4a9e9ef340d8aae6a8810505bfb2e server=ads.google.com isFault=0 faultMessage=null
[Mar 31 2015 00:25:31.000000 - INFO] service=CustomTargetingService method=getCustomTargetingValuesByStatement responseTime=450 requestId=bfd32221553a2d601d88bc79d7a470a5 server=ads.google.com isFault=0 faultMessage=null
[Mar 31 2015 01:00:05.000000 - INFO] service=CustomTargetingService method=getCustomTargetingKeysByStatement responseTime=378 requestId=ba4d668bd4c0456f67736ba7f9187655 server=ads.google.com isFault=0 faultMessage=null
[Mar 31 2015 01:00:05.000000 - INFO] service=CustomTargetingService method=getCustomTargetingValuesByStatement responseTime=414 requestId=1e24c674db894f3359752213f99bc515 server=ads.google.com isFault=0 faultMessage=null
[Mar 31 2015 01:00:05.000000 - INFO] service=CustomTargetingService method=getCustomTargetingValuesByStatement responseTime=139 requestId=d7b1df2cb9e09ea63a7453b1a7ca9b22 server=ads.google.com isFault=0 faultMessage=null
[Mar 31 2015 01:00:06.000000 - INFO] service=CustomTargetingService method=getCustomTargetingValuesByStatement responseTime=152 requestId=46feadcc0e26ee9c628a120e9361fe45 server=ads.google.com isFault=0 faultMessage=null
[Mar 31 2015 01:00:06.000000 - INFO] service=CustomTargetingService method=getCustomTargetingValuesByStatement responseTime=489 requestId=8ae63806cd27681c4223fd78b44119b9 server=ads.google.com isFault=0 faultMessage=null
[Mar 31 2015 01:00:07.000000 - INFO] service=CustomTargetingService method=getCustomTargetingValuesByStatement responseTime=419 requestId=fe2a1907ad968b0c6097ef9d7af3b701 server=ads.google.com isFault=0 faultMessage=null
[Mar 31 2015 01:00:07.000000 - INFO] service=CustomTargetingService method=getCustomTargetingValuesByStatement responseTime=468 requestId=7e6688fc9e4cfa7c301cf6e194d2f77f server=ads.google.com isFault=0 faultMessage=null
[Mar 31 2015 01:01:27.000000 - INFO] service=CustomTargetingService method=getCustomTargetingKeysByStatement responseTime=339 requestId=ea2172e26e496c7a9cbbda0ee0de6593 server=ads.google.com isFault=0 faultMessage=null
[Mar 31 2015 01:01:27.000000 - INFO] service=CustomTargetingService method=getCustomTargetingValuesByStatement responseTime=396 requestId=f001f47cb11b2d9d3a52d2480d35b670 server=ads.google.com isFault=0 faultMessage=null
[Mar 31 2015 01:01:28.000000 - INFO] service=CustomTargetingService method=getCustomTargetingValuesByStatement responseTime=409 requestId=351536f309b385e79668baeedeff8239 server=ads.google.com isFault=0 faultMessage=null
[Mar 31 2015 01:01:28.000000 - INFO] service=CustomTargetingService method=getCustomTargetingValuesByStatement responseTime=143 requestId=6603ca5bd1f886abfe9f9fe0b73147f0 server=ads.google.com isFault=0 faultMessage=null
[Mar 31 2015 01:01:28.000000 - INFO] service=CustomTargetingService method=getCustomTargetingValuesByStatement responseTime=439 requestId=ef58655fd962d53e0d5bed4707383b49 server=ads.google.com isFault=0 faultMessage=null
[Mar 31 2015 01:01:29.000000 - INFO] service=CustomTargetingService method=getCustomTargetingValuesByStatement responseTime=412 requestId=1b1a872692e255e801589ac52db4f03d server=ads.google.com isFault=0 faultMessage=null
[Mar 31 2015 01:01:29.000000 - INFO] service=CustomTargetingService method=getCustomTargetingValuesByStatement responseTime=501 requestId=4ee4a5092fc3211d2a8bc2e28515bc86 server=ads.google.com isFault=0 faultMessage=null
[Mar 31 2015 01:02:23.000000 - INFO] service=CustomTargetingService method=getCustomTargetingKeysByStatement responseTime=329 requestId=8545fcc9834812ccfc30af34c62e1846 server=ads.google.com isFault=0 faultMessage=null
[Mar 31 2015 01:02:23.000000 - INFO] service=CustomTargetingService method=getCustomTargetingValuesByStatement responseTime=124 requestId=d37df9146a3741aad180fd1a49129932 server=ads.google.com isFault=0 faultMessage=null
[Mar 31 2015 01:02:23.000000 - INFO] service=CustomTargetingService method=getCustomTargetingValuesByStatement responseTime=129 requestId=ab8063f1aaad27743ad75f188a0bc821 server=ads.google.com isFault=0 faultMessage=null
[Mar 31 2015 01:02:24.000000 - INFO] service=CustomTargetingService method=getCustomTargetingValuesByStatement responseTime=418 requestId=e05c9a0957c125b2a744268c911e591b server=ads.google.com isFault=0 faultMessage=null
[Mar 31 2015 01:02:24.000000 - INFO] service=CustomTargetingService method=getCustomTargetingValuesByStatement responseTime=136 requestId=3a87e115044103013e50c3728b2ac0dc server=ads.google.com isFault=0 faultMessage=null
[Mar 31 2015 01:02:24.000000 - INFO] service=CustomTargetingService method=getCustomTargetingValuesByStatement responseTime=170 requestId=a2d55f4416a42be15ea7494c6f632fd3 server=ads.google.com isFault=0 faultMessage=null
[Mar 31 2015 01:02:25.000000 - INFO] service=CustomTargetingService method=getCustomTargetingValuesByStatement responseTime=139 requestId=19549447af04135040110aecb9e0182f server=ads.google.com isFault=0 faultMessage=null
[Mar 31 2015 01:10:57.000000 - INFO] service=CustomTargetingService method=getCustomTargetingKeysByStatement responseTime=351 requestId=a98d9de41b501862200c8a8edaa68933 server=ads.google.com isFault=0 faultMessage=null
[Mar 31 2015 01:10:58.000000 - INFO] service=CustomTargetingService method=getCustomTargetingValuesByStatement responseTime=542 requestId=a228e4de3c69510530034f4e46900c9d server=ads.google.com isFault=0 faultMessage=null
[Mar 31 2015 01:10:58.000000 - INFO] service=CustomTargetingService method=getCustomTargetingValuesByStatement responseTime=155 requestId=2bbfd797ff46b7841c3bb1da4ef56ce8 server=ads.google.com isFault=0 faultMessage=null
[Mar 31 2015 01:10:58.000000 - INFO] service=CustomTargetingService method=getCustomTargetingValuesByStatement responseTime=139 requestId=51cc504d36f2fb7635ac07315a5face9 server=ads.google.com isFault=0 faultMessage=null
[Mar 31 2015 01:10:59.000000 - INFO] service=CustomTargetingService method=getCustomTargetingValuesByStatement responseTime=125 requestId=c2cd7f8f3f75f2ecab42898c6d9f6f36 server=ads.google.com isFault=0 faultMessage=null
[Mar 31 2015 01:10:59.000000 - INFO] service=CustomTargetingService method=getCustomTargetingValuesByStatement responseTime=439 requestId=74b3e9daa1a3dee509731b30a122ed7c server=ads.google.com isFault=0 faultMessage=null
[Mar 31 2015 01:10:59.000000 - INFO] service=CustomTargetingService method=getCustomTargetingValuesByStatement responseTime=138 requestId=cc69bedf5ce46461fcd35311f3467f02 server=ads.google.com isFault=0 faultMessage=null
[Apr 13 2015 16:25:21.000000 - INFO] service=CustomTargetingService method=getCustomTargetingKeysByStatement responseTime=380 requestId=35d21e4eab020ca4e2415f7cd9767e32 server=ads.google.com isFault=0 faultMessage=null
[Apr 13 2015 16:25:22.000000 - INFO] service=CustomTargetingService method=getCustomTargetingValuesByStatement responseTime=368 requestId=5fdda106c48981389dfaacab5b9d734b server=ads.google.com isFault=0 faultMessage=null
[Apr 13 2015 16:25:22.000000 - INFO] service=CustomTargetingService method=getCustomTargetingValuesByStatement responseTime=293 requestId=5a3860a8e64cdf093dc1157e35a08032 server=ads.google.com isFault=0 faultMessage=null
[Apr 13 2015 16:25:23.000000 - INFO] service=CustomTargetingService method=getCustomTargetingValuesByStatement responseTime=339 requestId=0dcbf3d1f5f3e2342026e9a92fa03ab6 server=ads.google.com isFault=0 faultMessage=null
[Apr 13 2015 16:25:23.000000 - INFO] service=CustomTargetingService method=getCustomTargetingValuesByStatement responseTime=393 requestId=690c1052cddba4035f1f8a59be57ff60 server=ads.google.com isFault=0 faultMessage=null
[Apr 13 2015 16:25:24.000000 - INFO] service=CustomTargetingService method=getCustomTargetingValuesByStatement responseTime=133 requestId=081b720cd8b5bec356f327b35d68c0b6 server=ads.google.com isFault=0 faultMessage=null
[Apr 13 2015 16:25:24.000000 - INFO] service=CustomTargetingService method=getCustomTargetingValuesByStatement responseTime=319 requestId=cee3e68737364e47085c0b61ca0a155e server=ads.google.com isFault=0 faultMessage=null
[Apr 13 2015 19:38:00.000000 - INFO] service=CustomTargetingService method=getCustomTargetingKeysByStatement responseTime=91 requestId=801833abae68c5c18991b2fffb944d59 server=ads.google.com isFault=0 faultMessage=null
[Apr 13 2015 19:38:01.000000 - INFO] service=CustomTargetingService method=getCustomTargetingValuesByStatement responseTime=340 requestId=eb85a4568c0f0584617b3c05208b3550 server=ads.google.com isFault=0 faultMessage=null
[Apr 13 2015 19:38:01.000000 - INFO] service=CustomTargetingService method=getCustomTargetingValuesByStatement responseTime=111 requestId=dc96416187c6dcca6cc4e7514e9d9c12 server=ads.google.com isFault=0 faultMessage=null
[Apr 13 2015 19:38:01.000000 - INFO] service=CustomTargetingService method=getCustomTargetingValuesByStatement responseTime=112 requestId=654b1f68f2295a85f990b5e316fea60e server=ads.google.com isFault=0 faultMessage=null
[Apr 13 2015 19:38:01.000000 - INFO] service=CustomTargetingService method=getCustomTargetingValuesByStatement responseTime=119 requestId=8ab928c4f6c06bb370b79c58d430395d server=ads.google.com isFault=0 faultMessage=null
[Apr 13 2015 19:38:02.000000 - INFO] service=CustomTargetingService method=getCustomTargetingValuesByStatement responseTime=268 requestId=af33c06aef2b05641b8fc038440088f4 server=ads.google.com isFault=0 faultMessage=null
[Apr 13 2015 19:38:02.000000 - INFO] service=CustomTargetingService method=getCustomTargetingValuesByStatement responseTime=88 requestId=425809c27ceaf93f465086579bb5d718 server=ads.google.com isFault=0 faultMessage=null
[Apr 13 2015 20:10:26.000000 - INFO] service=CustomTargetingService method=getCustomTargetingKeysByStatement responseTime=88 requestId=2a8862e4ea02d453d93eddab5470ae95 server=ads.google.com isFault=0 faultMessage=null
[Apr 13 2015 20:10:27.000000 - INFO] service=CustomTargetingService method=getCustomTargetingValuesByStatement responseTime=122 requestId=66bfa0f3cceb89c4b7faff07dae5e5c3 server=ads.google.com isFault=0 faultMessage=null
[Apr 13 2015 20:10:27.000000 - INFO] service=CustomTargetingService method=getCustomTargetingValuesByStatement responseTime=132 requestId=87058be7086a3b661b1eb399202136d6 server=ads.google.com isFault=0 faultMessage=null
[Apr 13 2015 20:10:27.000000 - INFO] service=CustomTargetingService method=getCustomTargetingValuesByStatement responseTime=135 requestId=f6d0d0dafeb61aee7a4aef5dcb5b1266 server=ads.google.com isFault=0 faultMessage=null
[Apr 13 2015 20:10:27.000000 - INFO] service=CustomTargetingService method=getCustomTargetingValuesByStatement responseTime=133 requestId=c0a8ec0ae8ca9240a8de76704b6e3ea7 server=ads.google.com isFault=0 faultMessage=null
[Apr 13 2015 20:10:28.000000 - INFO] service=CustomTargetingService method=getCustomTargetingValuesByStatement responseTime=144 requestId=09727201b8c3402baebc832b2c93c2fc server=ads.google.com isFault=0 faultMessage=null
[Apr 13 2015 20:10:28.000000 - INFO] service=CustomTargetingService method=getCustomTargetingValuesByStatement responseTime=200 requestId=8307d904ed7e0b10222a281b2c819f04 server=ads.google.com isFault=0 faultMessage=null
[Apr 13 2015 20:38:00.000000 - INFO] service=CustomTargetingService method=createCustomTargetingKeys responseTime=678 requestId=7294f491329b443c4ade107dfd994a30 server=ads.google.com isFault=0 faultMessage=null
[Apr 13 2015 20:38:01.000000 - INFO] service=CustomTargetingService method=createCustomTargetingValues responseTime=287 requestId=511019d0c814fa9438c54aecd1b86c79 server=ads.google.com isFault=0 faultMessage=null
[Apr 13 2015 20:43:20.000000 - INFO] service=CustomTargetingService method=getCustomTargetingKeysByStatement responseTime=72 requestId=4042b233ca30c943c106ae71f9439de4 server=ads.google.com isFault=0 faultMessage=null
[Apr 13 2015 20:43:21.000000 - INFO] service=CustomTargetingService method=getCustomTargetingValuesByStatement responseTime=129 requestId=3edf7c78322457f84687c30a96bbaa48 server=ads.google.com isFault=0 faultMessage=null
[Apr 13 2015 20:43:21.000000 - INFO] service=CustomTargetingService method=getCustomTargetingValuesByStatement responseTime=143 requestId=0427a93a9585b69f27a8aeca203812e3 server=ads.google.com isFault=0 faultMessage=null
[Apr 13 2015 20:43:21.000000 - INFO] service=CustomTargetingService method=getCustomTargetingValuesByStatement responseTime=117 requestId=8c08de5000b60be6e45b416fcdf4221f server=ads.google.com isFault=0 faultMessage=null
[Apr 13 2015 20:43:22.000000 - INFO] service=CustomTargetingService method=getCustomTargetingValuesByStatement responseTime=589 requestId=31737224ed536a50e5ef804497f20fd2 server=ads.google.com isFault=0 faultMessage=null
[Apr 13 2015 20:43:23.000000 - INFO] service=CustomTargetingService method=getCustomTargetingValuesByStatement responseTime=326 requestId=e2c5c653099827d83762d71432a3e392 server=ads.google.com isFault=0 faultMessage=null
[Apr 13 2015 20:43:23.000000 - INFO] service=CustomTargetingService method=getCustomTargetingValuesByStatement responseTime=119 requestId=e164feb4cbd2efc46d3a8445088192ac server=ads.google.com isFault=0 faultMessage=null
[Apr 13 2015 20:43:23.000000 - INFO] service=CustomTargetingService method=getCustomTargetingValuesByStatement responseTime=130 requestId=b3378046890f2594fa7511f5c569ace1 server=ads.google.com isFault=0 faultMessage=null
[Apr 13 2015 20:43:23.000000 - INFO] service=CustomTargetingService method=getCustomTargetingValuesByStatement responseTime=134 requestId=2841fd77afd5e326bd2ca94572c7f7ef server=ads.google.com isFault=0 faultMessage=null
[Apr 13 2015 20:43:24.000000 - INFO] service=CustomTargetingService method=getCustomTargetingValuesByStatement responseTime=128 requestId=a8b688d7c439817f0da2f42193543f9f server=ads.google.com isFault=0 faultMessage=null
[Apr 13 2015 20:45:33.000000 - INFO] service=CustomTargetingService method=getCustomTargetingKeysByStatement responseTime=115 requestId=3262252855813a1d21a40e72e1d6b525 server=ads.google.com isFault=0 faultMessage=null
[Apr 13 2015 20:45:34.000000 - INFO] service=CustomTargetingService method=getCustomTargetingValuesByStatement responseTime=134 requestId=6cf5cd9024a4a9a17793d58368383c6a server=ads.google.com isFault=0 faultMessage=null
[Apr 13 2015 20:45:34.000000 - INFO] service=CustomTargetingService method=getCustomTargetingValuesByStatement responseTime=150 requestId=327a48e4658d2b0dc65a55e4874f6b6e server=ads.google.com isFault=0 faultMessage=null
[Apr 13 2015 20:45:34.000000 - INFO] service=CustomTargetingService method=getCustomTargetingValuesByStatement responseTime=144 requestId=021974a0f1999be139ab6de9f5af3134 server=ads.google.com isFault=0 faultMessage=null
[Apr 13 2015 20:45:35.000000 - INFO] service=CustomTargetingService method=getCustomTargetingValuesByStatement responseTime=127 requestId=7c0dbff5b266cce11fcf09947c361a16 server=ads.google.com isFault=0 faultMessage=null
[Apr 13 2015 20:45:35.000000 - INFO] service=CustomTargetingService method=getCustomTargetingValuesByStatement responseTime=116 requestId=874620b5715362f964666a021f63222a server=ads.google.com isFault=0 faultMessage=null
[Apr 13 2015 20:45:35.000000 - INFO] service=CustomTargetingService method=getCustomTargetingValuesByStatement responseTime=410 requestId=debc2a9d0aedc5cd4e7155db886a2469 server=ads.google.com isFault=0 faultMessage=null
[Apr 13 2015 20:45:36.000000 - INFO] service=CustomTargetingService method=getCustomTargetingValuesByStatement responseTime=129 requestId=616b61a63b05a070c40dd90de8482e5e server=ads.google.com isFault=0 faultMessage=null
[Apr 13 2015 20:45:36.000000 - INFO] service=CustomTargetingService method=getCustomTargetingValuesByStatement responseTime=108 requestId=11bfd45bd87e54a47e1de2657b736499 server=ads.google.com isFault=0 faultMessage=null
[Apr 13 2015 20:45:36.000000 - INFO] service=CustomTargetingService method=getCustomTargetingValuesByStatement responseTime=138 requestId=3e589bb8f128543cf5c12ea382803d5a server=ads.google.com isFault=0 faultMessage=null
[Apr 13 2015 20:45:52.000000 - INFO] service=CustomTargetingService method=getCustomTargetingKeysByStatement responseTime=675 requestId=7628c06afd2ca376356e7afe06cc583b server=ads.google.com isFault=0 faultMessage=null
[Apr 13 2015 20:45:53.000000 - INFO] service=CustomTargetingService method=getCustomTargetingValuesByStatement responseTime=283 requestId=bd13069c52d984df99f77113fbab9b2b server=ads.google.com isFault=0 faultMessage=null
[Apr 13 2015 20:45:53.000000 - INFO] service=CustomTargetingService method=getCustomTargetingValuesByStatement responseTime=265 requestId=8e4dff87a6d7fa629d738163bc343e3d server=ads.google.com isFault=0 faultMessage=null
[Apr 13 2015 20:45:55.000000 - INFO] service=CustomTargetingService method=getCustomTargetingValuesByStatement responseTime=1374 requestId=5981e2760ba44f3df26e73f4dcbb042c server=ads.google.com isFault=0 faultMessage=null
[Apr 13 2015 20:45:55.000000 - INFO] service=CustomTargetingService method=getCustomTargetingValuesByStatement responseTime=318 requestId=cae664de9d6dae8c9fd2ab6dfa18e95a server=ads.google.com isFault=0 faultMessage=null
[Apr 13 2015 20:45:56.000000 - INFO] service=CustomTargetingService method=getCustomTargetingValuesByStatement responseTime=282 requestId=9fd284236c5972af7f30ba1d1134ac0f server=ads.google.com isFault=0 faultMessage=null
[Apr 13 2015 20:45:56.000000 - INFO] service=CustomTargetingService method=getCustomTargetingValuesByStatement responseTime=131 requestId=f777627c7a0631d8cda8cbd1ff68ab94 server=ads.google.com isFault=0 faultMessage=null
[Apr 13 2015 20:45:56.000000 - INFO] service=CustomTargetingService method=getCustomTargetingValuesByStatement responseTime=138 requestId=02682d95c06f31daff858d03b366536c server=ads.google.com isFault=0 faultMessage=null
[Apr 13 2015 20:53:32.000000 - INFO] service=CustomTargetingService method=getCustomTargetingKeysByStatement responseTime=86 requestId=7e4091168a1d6207c98803f87fb63645 server=ads.google.com isFault=0 faultMessage=null
[Apr 13 2015 20:53:33.000000 - INFO] service=CustomTargetingService method=getCustomTargetingValuesByStatement responseTime=128 requestId=ce6b009db655cbc8ccfbf83f6eb81514 server=ads.google.com isFault=0 faultMessage=null
[Apr 13 2015 20:53:33.000000 - INFO] service=CustomTargetingService method=getCustomTargetingValuesByStatement responseTime=111 requestId=a96ef5cef8464d43770590e577d13fcb server=ads.google.com isFault=0 faultMessage=null
[Apr 13 2015 20:53:33.000000 - INFO] service=CustomTargetingService method=getCustomTargetingValuesByStatement responseTime=123 requestId=0d1bf1f34095fdbd64ff201a230caef5 server=ads.google.com isFault=0 faultMessage=null
[Apr 13 2015 20:53:33.000000 - INFO] service=CustomTargetingService method=getCustomTargetingValuesByStatement responseTime=112 requestId=55343418a61037ea021d3b330f81c2d6 server=ads.google.com isFault=0 faultMessage=null
[Apr 13 2015 20:53:34.000000 - INFO] service=CustomTargetingService method=getCustomTargetingValuesByStatement responseTime=125 requestId=79644007bb0079667851d9140a8c0ada server=ads.google.com isFault=0 faultMessage=null
[Apr 13 2015 20:53:34.000000 - INFO] service=CustomTargetingService method=getCustomTargetingValuesByStatement responseTime=194 requestId=f0170b9e56d96df0a3e303ce5e5e8a5b server=ads.google.com isFault=0 faultMessage=null
[Apr 13 2015 20:53:34.000000 - INFO] service=CustomTargetingService method=getCustomTargetingValuesByStatement responseTime=119 requestId=ab2a579a334159ac03025972f0b34a22 server=ads.google.com isFault=0 faultMessage=null
[Apr 13 2015 20:53:34.000000 - INFO] service=CustomTargetingService method=getCustomTargetingValuesByStatement responseTime=111 requestId=0f9585fa5cf4e75d6617b1f747dbea18 server=ads.google.com isFault=0 faultMessage=null
[Apr 13 2015 20:53:35.000000 - INFO] service=CustomTargetingService method=getCustomTargetingValuesByStatement responseTime=122 requestId=c80bf4b393da32b2b561928b6fff2a77 server=ads.google.com isFault=0 faultMessage=null
[Apr 13 2015 21:16:20.000000 - INFO] service=CustomTargetingService method=getCustomTargetingKeysByStatement responseTime=92 requestId=941dec0a52bc893d990a59d139b4301f server=ads.google.com isFault=0 faultMessage=null
[Apr 13 2015 21:16:20.000000 - INFO] service=CustomTargetingService method=getCustomTargetingValuesByStatement responseTime=297 requestId=021b9a754c7f62b2b8468e87eb08e5ae server=ads.google.com isFault=0 faultMessage=null
[Apr 13 2015 21:16:21.000000 - INFO] service=CustomTargetingService method=getCustomTargetingValuesByStatement responseTime=336 requestId=80791c34d41963bc5fe966e5dec07a9f server=ads.google.com isFault=0 faultMessage=null
[Apr 13 2015 21:16:21.000000 - INFO] service=CustomTargetingService method=getCustomTargetingValuesByStatement responseTime=119 requestId=353e4ff6044eece4e78cd7e2f3f855fd server=ads.google.com isFault=0 faultMessage=null
[Apr 13 2015 21:16:21.000000 - INFO] service=CustomTargetingService method=getCustomTargetingValuesByStatement responseTime=135 requestId=70df21f24baec8c1c099e1c49f6466aa server=ads.google.com isFault=0 faultMessage=null
[Apr 13 2015 21:16:22.000000 - INFO] service=CustomTargetingService method=getCustomTargetingValuesByStatement responseTime=112 requestId=5f9ff3b950b804598cdd7da92f99faa5 server=ads.google.com isFault=0 faultMessage=null
[Apr 13 2015 21:16:22.000000 - INFO] service=CustomTargetingService method=getCustomTargetingValuesByStatement responseTime=142 requestId=bb048b563746465d0593e6d4ef4a4edb server=ads.google.com isFault=0 faultMessage=null
[Apr 13 2015 21:16:22.000000 - INFO] service=CustomTargetingService method=getCustomTargetingValuesByStatement responseTime=144 requestId=46b0162479e418070bf7c7cf5cfba112 server=ads.google.com isFault=0 faultMessage=null
[Apr 13 2015 21:16:35.000000 - INFO] service=CustomTargetingService method=getCustomTargetingKeysByStatement responseTime=76 requestId=083c8e5644b0beb33e9c613607effa49 server=ads.google.com isFault=0 faultMessage=null
[Apr 13 2015 21:16:36.000000 - INFO] service=CustomTargetingService method=getCustomTargetingValuesByStatement responseTime=116 requestId=0f96371ca24d91603b8b70783886789b server=ads.google.com isFault=0 faultMessage=null
[Apr 13 2015 21:16:36.000000 - INFO] service=CustomTargetingService method=getCustomTargetingValuesByStatement responseTime=203 requestId=b248aafe3e8f6ac217a8ad152bae2aad server=ads.google.com isFault=0 faultMessage=null
[Apr 13 2015 21:16:36.000000 - INFO] service=CustomTargetingService method=getCustomTargetingValuesByStatement responseTime=145 requestId=d4ba0fa8395aaa5f8eb0ffc2772ff022 server=ads.google.com isFault=0 faultMessage=null
[Apr 13 2015 21:16:36.000000 - INFO] service=CustomTargetingService method=getCustomTargetingValuesByStatement responseTime=117 requestId=ea45210667d392bf4772e4fee4707852 server=ads.google.com isFault=0 faultMessage=null
[Apr 13 2015 21:16:37.000000 - INFO] service=CustomTargetingService method=getCustomTargetingValuesByStatement responseTime=135 requestId=e7f89efabed7c6f71d0d10737fd74b95 server=ads.google.com isFault=0 faultMessage=null
[Apr 13 2015 21:16:37.000000 - INFO] service=CustomTargetingService method=getCustomTargetingValuesByStatement responseTime=116 requestId=d644a227f6c195db13b3c8e6be60cae5 server=ads.google.com isFault=0 faultMessage=null
[Apr 13 2015 21:16:37.000000 - INFO] service=CustomTargetingService method=getCustomTargetingValuesByStatement responseTime=131 requestId=8a60dc88101bffe004938e4610e9c06e server=ads.google.com isFault=0 faultMessage=null
[Apr 13 2015 21:16:40.000000 - INFO] service=CustomTargetingService method=getCustomTargetingKeysByStatement responseTime=79 requestId=5c01e4604f558c4d97cbc6f97a811dfe server=ads.google.com isFault=0 faultMessage=null
[Apr 13 2015 21:16:40.000000 - INFO] service=CustomTargetingService method=getCustomTargetingValuesByStatement responseTime=293 requestId=5207ead68b533b3a2ef7a30f77f65833 server=ads.google.com isFault=0 faultMessage=null
[Apr 13 2015 21:16:41.000000 - INFO] service=CustomTargetingService method=getCustomTargetingValuesByStatement responseTime=121 requestId=2d7f500fc43aaf246af86ec25d44b4d2 server=ads.google.com isFault=0 faultMessage=null
[Apr 13 2015 21:16:41.000000 - INFO] service=CustomTargetingService method=getCustomTargetingValuesByStatement responseTime=125 requestId=ea4470b3b0fb665ae3872ab190deb246 server=ads.google.com isFault=0 faultMessage=null
[Apr 13 2015 21:16:41.000000 - INFO] service=CustomTargetingService method=getCustomTargetingValuesByStatement responseTime=111 requestId=214f621abf65a6db1ba4c81e89310a5d server=ads.google.com isFault=0 faultMessage=null
[Apr 13 2015 21:16:42.000000 - INFO] service=CustomTargetingService method=getCustomTargetingValuesByStatement responseTime=383 requestId=5786abc41892b4cb0b09ca58e93ae99c server=ads.google.com isFault=0 faultMessage=null
[Apr 13 2015 21:16:42.000000 - INFO] service=CustomTargetingService method=getCustomTargetingValuesByStatement responseTime=143 requestId=07dcac09d7b13d321a759736df0ac319 server=ads.google.com isFault=0 faultMessage=null
[Apr 13 2015 21:16:42.000000 - INFO] service=CustomTargetingService method=getCustomTargetingValuesByStatement responseTime=127 requestId=d93c1b11b16df33663102b091f35bacb server=ads.google.com isFault=0 faultMessage=null
[Apr 13 2015 21:16:42.000000 - INFO] service=CustomTargetingService method=getCustomTargetingValuesByStatement responseTime=118 requestId=05f22ecabbd0ccb4de39a05f9e520497 server=ads.google.com isFault=0 faultMessage=null
[Apr 13 2015 21:16:43.000000 - INFO] service=CustomTargetingService method=getCustomTargetingValuesByStatement responseTime=129 requestId=95a6b9691a557a0ae74cdcdb2c9110b1 server=ads.google.com isFault=0 faultMessage=null
[Apr 13 2015 22:05:39.000000 - INFO] service=CustomTargetingService method=getCustomTargetingKeysByStatement responseTime=69 requestId=732aff5b0f80d27537b6ce5bb0a267d7 server=ads.google.com isFault=0 faultMessage=null
[Apr 13 2015 22:05:40.000000 - INFO] service=CustomTargetingService method=getCustomTargetingValuesByStatement responseTime=114 requestId=83e7dd3570de128f95b8012eaefb8cf1 server=ads.google.com isFault=0 faultMessage=null
[Apr 13 2015 22:05:40.000000 - INFO] service=CustomTargetingService method=getCustomTargetingValuesByStatement responseTime=131 requestId=975e8c91660b4be2f44a0d834a486893 server=ads.google.com isFault=0 faultMessage=null
[Apr 13 2015 22:05:40.000000 - INFO] service=CustomTargetingService method=getCustomTargetingValuesByStatement responseTime=128 requestId=3c587aa51a297b82aa4e12f7a5ab526e server=ads.google.com isFault=0 faultMessage=null
[Apr 13 2015 22:05:41.000000 - INFO] service=CustomTargetingService method=getCustomTargetingValuesByStatement responseTime=176 requestId=061e3f504665316f0631a43bc13e2391 server=ads.google.com isFault=0 faultMessage=null
[Apr 13 2015 22:05:41.000000 - INFO] service=CustomTargetingService method=getCustomTargetingValuesByStatement responseTime=116 requestId=8bab1f0eec817bef6414cee2d0a9917d server=ads.google.com isFault=0 faultMessage=null
[Apr 13 2015 22:05:41.000000 - INFO] service=CustomTargetingService method=getCustomTargetingValuesByStatement responseTime=125 requestId=2d54c3e3a5cb729801ba02d8e6344857 server=ads.google.com isFault=0 faultMessage=null
[Apr 13 2015 22:05:41.000000 - INFO] service=CustomTargetingService method=getCustomTargetingValuesByStatement responseTime=128 requestId=db5ba0ecf7ed488d1a32715b1f29924b server=ads.google.com isFault=0 faultMessage=null
[Apr 13 2015 22:05:41.000000 - INFO] service=CustomTargetingService method=getCustomTargetingValuesByStatement responseTime=146 requestId=c01895fa36cf69f25e3840ac54946229 server=ads.google.com isFault=0 faultMessage=null
[Apr 13 2015 22:05:42.000000 - INFO] service=CustomTargetingService method=getCustomTargetingValuesByStatement responseTime=111 requestId=446a55105964e5e6437a3bdef73856c1 server=ads.google.com isFault=0 faultMessage=null
[Apr 13 2015 22:10:43.000000 - INFO] service=CustomTargetingService method=getCustomTargetingKeysByStatement responseTime=99 requestId=ef9f19b8ab906000ad0cb5172ee96fac server=ads.google.com isFault=0 faultMessage=null
[Apr 13 2015 22:10:43.000000 - INFO] service=CustomTargetingService method=getCustomTargetingValuesByStatement responseTime=124 requestId=afcc853f94965b5620e90b6df87032b8 server=ads.google.com isFault=0 faultMessage=null
[Apr 13 2015 22:10:43.000000 - INFO] service=CustomTargetingService method=getCustomTargetingValuesByStatement responseTime=131 requestId=a2673f7a91a1e68f6b7bd529ad0a80a8 server=ads.google.com isFault=0 faultMessage=null
[Apr 13 2015 22:10:44.000000 - INFO] service=CustomTargetingService method=getCustomTargetingValuesByStatement responseTime=322 requestId=30acbde8021a5bf76d74f2f2a11710b2 server=ads.google.com isFault=0 faultMessage=null
[Apr 13 2015 22:10:44.000000 - INFO] service=CustomTargetingService method=getCustomTargetingValuesByStatement responseTime=134 requestId=f76371346c53ad8b50fc03e48bd1d6b0 server=ads.google.com isFault=0 faultMessage=null
[Apr 13 2015 22:10:45.000000 - INFO] service=CustomTargetingService method=getCustomTargetingValuesByStatement responseTime=111 requestId=a461e50016a96ce1d8928f82da2fea84 server=ads.google.com isFault=0 faultMessage=null
[Apr 13 2015 22:10:45.000000 - INFO] service=CustomTargetingService method=getCustomTargetingValuesByStatement responseTime=117 requestId=70ba1fb39c54127f5c16d5d2c862094c server=ads.google.com isFault=0 faultMessage=null
[Apr 13 2015 22:10:45.000000 - INFO] service=CustomTargetingService method=getCustomTargetingValuesByStatement responseTime=124 requestId=9a61ba99d0ad77af22385734f38158ca server=ads.google.com isFault=0 faultMessage=null
[Apr 13 2015 22:10:46.000000 - INFO] service=CustomTargetingService method=getCustomTargetingValuesByStatement responseTime=119 requestId=970dbc1dc980221247c16550d90a26d3 server=ads.google.com isFault=0 faultMessage=null
[Apr 13 2015 22:10:46.000000 - INFO] service=CustomTargetingService method=getCustomTargetingValuesByStatement responseTime=132 requestId=0b451008c245e88b8fc586404919ff6a server=ads.google.com isFault=0 faultMessage=null
[Apr 13 2015 22:12:28.000000 - INFO] service=CustomTargetingService method=getCustomTargetingKeysByStatement responseTime=94 requestId=13f96be7aa7409ab7843756182679e7c server=ads.google.com isFault=0 faultMessage=null
[Apr 13 2015 22:12:29.000000 - INFO] service=CustomTargetingService method=getCustomTargetingValuesByStatement responseTime=130 requestId=0a16206dbe7cec92d28f348ac2ccc487 server=ads.google.com isFault=0 faultMessage=null
[Apr 13 2015 22:12:29.000000 - INFO] service=CustomTargetingService method=getCustomTargetingValuesByStatement responseTime=132 requestId=91651aab2e510e812275eb6325002efe server=ads.google.com isFault=0 faultMessage=null
[Apr 13 2015 22:12:29.000000 - INFO] service=CustomTargetingService method=getCustomTargetingValuesByStatement responseTime=136 requestId=91517b37aa26ddd17c3dd0f0092d4149 server=ads.google.com isFault=0 faultMessage=null
[Apr 13 2015 22:12:30.000000 - INFO] service=CustomTargetingService method=getCustomTargetingValuesByStatement responseTime=156 requestId=35e4edcf91ad9393577dcb8967dd7c3a server=ads.google.com isFault=0 faultMessage=null
[Apr 13 2015 22:12:30.000000 - INFO] service=CustomTargetingService method=getCustomTargetingValuesByStatement responseTime=139 requestId=f637f6568de517539100c8828adf9da9 server=ads.google.com isFault=0 faultMessage=null
[Apr 13 2015 22:12:30.000000 - INFO] service=CustomTargetingService method=getCustomTargetingValuesByStatement responseTime=116 requestId=9e236222ac450d6c698ea4ad091c48ab server=ads.google.com isFault=0 faultMessage=null
[Apr 13 2015 22:12:31.000000 - INFO] service=CustomTargetingService method=getCustomTargetingValuesByStatement responseTime=153 requestId=7da1bd6648aeb96b07f8940c31497351 server=ads.google.com isFault=0 faultMessage=null
[Apr 13 2015 22:42:25.000000 - INFO] service=CustomTargetingService method=getCustomTargetingKeysByStatement responseTime=109 requestId=3f158ee486df3a122712cfb9ea6c986f server=ads.google.com isFault=0 faultMessage=null
[Apr 13 2015 22:42:26.000000 - INFO] service=CustomTargetingService method=getCustomTargetingValuesByStatement responseTime=141 requestId=80aac481690a956c81c21aadb40dc858 server=ads.google.com isFault=0 faultMessage=null
[Apr 13 2015 22:42:26.000000 - INFO] service=CustomTargetingService method=getCustomTargetingValuesByStatement responseTime=117 requestId=6e839349a6c646a5c2815f38c99216e9 server=ads.google.com isFault=0 faultMessage=null
[Apr 13 2015 22:42:26.000000 - INFO] service=CustomTargetingService method=getCustomTargetingValuesByStatement responseTime=140 requestId=9a6eab96426f208f73bd5a31df8cea57 server=ads.google.com isFault=0 faultMessage=null
[Apr 13 2015 22:42:26.000000 - INFO] service=CustomTargetingService method=getCustomTargetingValuesByStatement responseTime=142 requestId=7e1515e05dcefade5b5b9c669b57dd10 server=ads.google.com isFault=0 faultMessage=null
[Apr 13 2015 22:42:26.000000 - INFO] service=CustomTargetingService method=getCustomTargetingValuesByStatement responseTime=107 requestId=01b9b7849239a7194bacdd6b958ad225 server=ads.google.com isFault=0 faultMessage=null
[Apr 13 2015 22:42:27.000000 - INFO] service=CustomTargetingService method=getCustomTargetingValuesByStatement responseTime=116 requestId=bab9249d7b230dfc9be0decc30176729 server=ads.google.com isFault=0 faultMessage=null
[Apr 13 2015 22:42:27.000000 - INFO] service=CustomTargetingService method=getCustomTargetingValuesByStatement responseTime=124 requestId=00ce5b4cf7c6656b66becd16ead0a03c server=ads.google.com isFault=0 faultMessage=null
[Apr 13 2015 22:42:27.000000 - INFO] service=CustomTargetingService method=getCustomTargetingValuesByStatement responseTime=117 requestId=e34660baa1029846babd3f54fbea6b89 server=ads.google.com isFault=0 faultMessage=null
[Apr 13 2015 22:42:27.000000 - INFO] service=CustomTargetingService method=getCustomTargetingValuesByStatement responseTime=121 requestId=384818988d8bd84f7e49be82a353e253 server=ads.google.com isFault=0 faultMessage=null
[Apr 13 2015 23:28:56.000000 - INFO] service=CustomTargetingService method=getCustomTargetingKeysByStatement responseTime=141 requestId=6a8be71bd0a696d63b967dd2f814af26 server=ads.google.com isFault=0 faultMessage=null
[Apr 13 2015 23:28:57.000000 - INFO] service=CustomTargetingService method=getCustomTargetingValuesByStatement responseTime=334 requestId=cf6364be0fc356cf496e3d01720b9852 server=ads.google.com isFault=0 faultMessage=null
[Apr 13 2015 23:28:57.000000 - INFO] service=CustomTargetingService method=getCustomTargetingValuesByStatement responseTime=114 requestId=d88e4747bec7f17b60ece93a79cdd418 server=ads.google.com isFault=0 faultMessage=null
[Apr 13 2015 23:28:57.000000 - INFO] service=CustomTargetingService method=getCustomTargetingValuesByStatement responseTime=143 requestId=2ad1aa00baa2399a8ea7d71c7823c02f server=ads.google.com isFault=0 faultMessage=null
[Apr 13 2015 23:28:57.000000 - INFO] service=CustomTargetingService method=getCustomTargetingValuesByStatement responseTime=163 requestId=d7415a7b56f98495e5b11d3e6ace0d07 server=ads.google.com isFault=0 faultMessage=null
[Apr 13 2015 23:28:58.000000 - INFO] service=CustomTargetingService method=getCustomTargetingValuesByStatement responseTime=133 requestId=5f7dcfe5c9839fde2cfd4e45eb5857d6 server=ads.google.com isFault=0 faultMessage=null
[Apr 13 2015 23:28:58.000000 - INFO] service=CustomTargetingService method=getCustomTargetingValuesByStatement responseTime=123 requestId=b8516100bcc8a70129e47fc56fc012aa server=ads.google.com isFault=0 faultMessage=null
[Apr 13 2015 23:28:58.000000 - INFO] service=CustomTargetingService method=getCustomTargetingValuesByStatement responseTime=137 requestId=5b5caa2314415dff89a3081de9842c70 server=ads.google.com isFault=0 faultMessage=null
[Apr 13 2015 23:28:58.000000 - INFO] service=CustomTargetingService method=getCustomTargetingValuesByStatement responseTime=133 requestId=7c2d8f2a40abb01df4675002e42f0e45 server=ads.google.com isFault=0 faultMessage=null
[Apr 13 2015 23:28:59.000000 - INFO] service=CustomTargetingService method=getCustomTargetingValuesByStatement responseTime=163 requestId=896860e88e0c410318838dee576cc3a7 server=ads.google.com isFault=0 faultMessage=null
[Apr 13 2015 23:50:15.000000 - INFO] service=CustomTargetingService method=getCustomTargetingKeysByStatement responseTime=104 requestId=24d311ab9b3fba41bbb4a9ce802f6b86 server=ads.google.com isFault=0 faultMessage=null
[Apr 13 2015 23:50:16.000000 - INFO] service=CustomTargetingService method=getCustomTargetingValuesByStatement responseTime=164 requestId=4e343aa5750ac148fed1fdd575e2806c server=ads.google.com isFault=0 faultMessage=null
[Apr 13 2015 23:50:16.000000 - INFO] service=CustomTargetingService method=getCustomTargetingValuesByStatement responseTime=149 requestId=c0c001e87aa96f37a1e553b941c2c0b4 server=ads.google.com isFault=0 faultMessage=null
[Apr 13 2015 23:50:16.000000 - INFO] service=CustomTargetingService method=getCustomTargetingValuesByStatement responseTime=141 requestId=5d3c4151826f86cb232374dcd9d4abe1 server=ads.google.com isFault=0 faultMessage=null
[Apr 13 2015 23:50:17.000000 - INFO] service=CustomTargetingService method=getCustomTargetingValuesByStatement responseTime=154 requestId=7cfb74ecf8f1b193d4f6398a1e98fdc9 server=ads.google.com isFault=0 faultMessage=null
[Apr 13 2015 23:50:17.000000 - INFO] service=CustomTargetingService method=getCustomTargetingValuesByStatement responseTime=125 requestId=2ea14278970a8067db093751642cc71b server=ads.google.com isFault=0 faultMessage=null
[Apr 13 2015 23:50:17.000000 - INFO] service=CustomTargetingService method=getCustomTargetingValuesByStatement responseTime=148 requestId=cd23f1583a643ba7307f34f5e93bc20a server=ads.google.com isFault=0 faultMessage=null
[Apr 13 2015 23:50:17.000000 - INFO] service=CustomTargetingService method=getCustomTargetingValuesByStatement responseTime=161 requestId=ea832fca2b97106195943f25b7b62cab server=ads.google.com isFault=0 faultMessage=null
[Apr 13 2015 23:50:18.000000 - INFO] service=CustomTargetingService method=getCustomTargetingValuesByStatement responseTime=124 requestId=7fe3deef1235cb19b7419dc9da69794c server=ads.google.com isFault=0 faultMessage=null
[Apr 13 2015 23:50:18.000000 - INFO] service=CustomTargetingService method=getCustomTargetingValuesByStatement responseTime=129 requestId=5eb8c184c70a566e6acb423ccf054cb9 server=ads.google.com isFault=0 faultMessage=null
[Apr 13 2015 23:59:09.000000 - INFO] service=CustomTargetingService method=getCustomTargetingKeysByStatement responseTime=91 requestId=72951e55a06160c1092656986268740e server=ads.google.com isFault=0 faultMessage=null
[Apr 13 2015 23:59:09.000000 - INFO] service=CustomTargetingService method=getCustomTargetingValuesByStatement responseTime=130 requestId=d8a6d99887840b18a75b2b96c8bc2aef server=ads.google.com isFault=0 faultMessage=null
[Apr 13 2015 23:59:10.000000 - INFO] service=CustomTargetingService method=getCustomTargetingValuesByStatement responseTime=131 requestId=f5d30a0525b87ceb6d6f9bb6da8c40fa server=ads.google.com isFault=0 faultMessage=null
[Apr 13 2015 23:59:10.000000 - INFO] service=CustomTargetingService method=getCustomTargetingValuesByStatement responseTime=132 requestId=85a41c7874b62b3414eff65d31517c4c server=ads.google.com isFault=0 faultMessage=null
[Apr 13 2015 23:59:10.000000 - INFO] service=CustomTargetingService method=getCustomTargetingValuesByStatement responseTime=143 requestId=0c75d4ecddbdc952f1b2701f7e2c54e9 server=ads.google.com isFault=0 faultMessage=null
[Apr 13 2015 23:59:10.000000 - INFO] service=CustomTargetingService method=getCustomTargetingValuesByStatement responseTime=140 requestId=be00b2f18c570542a2a12c97b187e4c2 server=ads.google.com isFault=0 faultMessage=null
[Apr 13 2015 23:59:11.000000 - INFO] service=CustomTargetingService method=getCustomTargetingValuesByStatement responseTime=128 requestId=5a9d55521e3317f060713a4d05cf9649 server=ads.google.com isFault=0 faultMessage=null
[Apr 13 2015 23:59:11.000000 - INFO] service=CustomTargetingService method=getCustomTargetingValuesByStatement responseTime=142 requestId=a107049a5e06d3f33a0c9c41ba141801 server=ads.google.com isFault=0 faultMessage=null
[Apr 13 2015 23:59:11.000000 - INFO] service=CustomTargetingService method=getCustomTargetingValuesByStatement responseTime=128 requestId=0c9f50e6995afe706e3891c7829d3088 server=ads.google.com isFault=0 faultMessage=null
[Apr 13 2015 23:59:12.000000 - INFO] service=CustomTargetingService method=getCustomTargetingValuesByStatement responseTime=118 requestId=d89ec1902fc06d8bb3a829c0c874385d server=ads.google.com isFault=0 faultMessage=null
[Apr 14 2015 00:00:23.000000 - INFO] service=CustomTargetingService method=getCustomTargetingKeysByStatement responseTime=109 requestId=dce387ed8d10038a305640688b5e97b5 server=ads.google.com isFault=0 faultMessage=null
[Apr 14 2015 00:00:24.000000 - INFO] service=CustomTargetingService method=getCustomTargetingValuesByStatement responseTime=127 requestId=e2f37e1d2631e464da48f2562e601ee5 server=ads.google.com isFault=0 faultMessage=null
[Apr 14 2015 00:00:24.000000 - INFO] service=CustomTargetingService method=getCustomTargetingValuesByStatement responseTime=136 requestId=c88308d976b7a6c2dec8fe745e05e32e server=ads.google.com isFault=0 faultMessage=null
[Apr 14 2015 00:00:24.000000 - INFO] service=CustomTargetingService method=getCustomTargetingValuesByStatement responseTime=143 requestId=21b5f5bf9f1260f064216a04fb4b2091 server=ads.google.com isFault=0 faultMessage=null
[Apr 14 2015 00:00:25.000000 - INFO] service=CustomTargetingService method=getCustomTargetingValuesByStatement responseTime=147 requestId=39f16e769d49559855901e1ffb4afe17 server=ads.google.com isFault=0 faultMessage=null
[Apr 14 2015 00:00:25.000000 - INFO] service=CustomTargetingService method=getCustomTargetingValuesByStatement responseTime=121 requestId=7d3ddbe104490e99a99bc4d96d4d9095 server=ads.google.com isFault=0 faultMessage=null
[Apr 14 2015 00:00:25.000000 - INFO] service=CustomTargetingService method=getCustomTargetingValuesByStatement responseTime=139 requestId=918bdb02d70f7bf1943dbb06a4ed3629 server=ads.google.com isFault=0 faultMessage=null
[Apr 14 2015 00:00:25.000000 - INFO] service=CustomTargetingService method=getCustomTargetingValuesByStatement responseTime=150 requestId=00b3d51f29ec0a24446279a3110eb375 server=ads.google.com isFault=0 faultMessage=null
[Apr 14 2015 00:00:26.000000 - INFO] service=CustomTargetingService method=getCustomTargetingValuesByStatement responseTime=136 requestId=7f7217e759a81384352b61717ae6172b server=ads.google.com isFault=0 faultMessage=null
[Apr 14 2015 00:00:26.000000 - INFO] service=CustomTargetingService method=getCustomTargetingValuesByStatement responseTime=125 requestId=3a12fe20d8e4b46e91b40961948d7f0b server=ads.google.com isFault=0 faultMessage=null
[Apr 14 2015 00:00:31.000000 - INFO] service=CustomTargetingService method=getCustomTargetingKeysByStatement responseTime=93 requestId=23b4c03eb31ca8206777382a83bda0a0 server=ads.google.com isFault=0 faultMessage=null
[Apr 14 2015 00:00:32.000000 - INFO] service=CustomTargetingService method=getCustomTargetingValuesByStatement responseTime=205 requestId=49b015825eb10a454cb769fd65decec4 server=ads.google.com isFault=0 faultMessage=null
[Apr 14 2015 00:00:32.000000 - INFO] service=CustomTargetingService method=getCustomTargetingValuesByStatement responseTime=150 requestId=0f74ef976bfd2fb9d41f4e6cd8e8909b server=ads.google.com isFault=0 faultMessage=null
[Apr 14 2015 00:00:32.000000 - INFO] service=CustomTargetingService method=getCustomTargetingValuesByStatement responseTime=132 requestId=2bbcfc2ea68ca5c6dad6ec84f6a03c1a server=ads.google.com isFault=0 faultMessage=null
[Apr 14 2015 00:00:33.000000 - INFO] service=CustomTargetingService method=getCustomTargetingValuesByStatement responseTime=100 requestId=1b8cf6783b6894d0c9b3b2c6ff4d1ade server=ads.google.com isFault=0 faultMessage=null
[Apr 14 2015 00:00:33.000000 - INFO] service=CustomTargetingService method=getCustomTargetingValuesByStatement responseTime=117 requestId=aa02c1f97fa752c1b9ef408fb5f8dc85 server=ads.google.com isFault=0 faultMessage=null
[Apr 14 2015 00:00:33.000000 - INFO] service=CustomTargetingService method=getCustomTargetingValuesByStatement responseTime=137 requestId=df5b2c94bbc7bfb70cf3d4d236a2c0d7 server=ads.google.com isFault=0 faultMessage=null
[Apr 14 2015 00:00:33.000000 - INFO] service=CustomTargetingService method=getCustomTargetingValuesByStatement responseTime=123 requestId=ef115a80229df2c461184d2be5a1797a server=ads.google.com isFault=0 faultMessage=null
[Apr 14 2015 00:00:34.000000 - INFO] service=CustomTargetingService method=getCustomTargetingValuesByStatement responseTime=136 requestId=a36cc8b17bbedf9cf78a197e619da258 server=ads.google.com isFault=0 faultMessage=null
[Apr 14 2015 00:00:34.000000 - INFO] service=CustomTargetingService method=getCustomTargetingValuesByStatement responseTime=129 requestId=54187781cc65ebfb34b0ee1051d94ea2 server=ads.google.com isFault=0 faultMessage=null
